INFO: 2021-03-26 09:48:00,814: main() 'Using profile folder /home/wayne/.config/variety/'
INFO: 2021-03-26 09:48:00,817: perform_upgrade() 'Last run version was 0.8.5 or earlier, current version is 0.8.5'
INFO: 2021-03-26 09:48:00,866: process_command() 'Received command: []'
INFO: 2021-03-26 09:48:00,867: load_banned() 'Missing or invalid banned URLs list, no URLs will be banned'
INFO: 2021-03-26 09:48:00,877: start() 'Using data_path /usr/share/variety'
INFO: 2021-03-26 09:48:00,877: load() 'Jumble loading'
INFO: 2021-03-26 09:48:00,877: _walk_modules() 'Jumble loading module in __init__ from /usr/lib/python3.9/site-packages/variety/plugins/builtin/__init__.py'
INFO: 2021-03-26 09:48:00,878: _walk_modules() 'Jumble loading module in UrbanDictionarySource from /usr/lib/python3.9/site-packages/variety/plugins/builtin/quotes/UrbanDictionarySource.py'
INFO: 2021-03-26 09:48:00,878: load() 'Jumble found plugin class: <class 'UrbanDictionarySource.UrbanDictionarySource'>: {'name': 'Urban Dictionary', 'description': 'Displays definitions from Urban Dictionary', 'author': 'James Miller', 'version': '0.1'}'
INFO: 2021-03-26 09:48:00,879: _walk_modules() 'Jumble loading module in FortuneSource from /usr/lib/python3.9/site-packages/variety/plugins/builtin/quotes/FortuneSource.py'
INFO: 2021-03-26 09:48:00,879: load() 'Jumble found plugin class: <class 'FortuneSource.FortuneSource'>: {'name': 'UNIX fortune program', 'description': 'Displays quotes using the UNIX fortune program. You may want to install additional fortune packs, e.g. fortunes-bofh-excuses.', 'author': 'Dan Jones', 'version': '0.1'}'
INFO: 2021-03-26 09:48:00,879: _walk_modules() 'Jumble loading module in QuotationsPageSource from /usr/lib/python3.9/site-packages/variety/plugins/builtin/quotes/QuotationsPageSource.py'
INFO: 2021-03-26 09:48:00,885: load() 'Jumble found plugin class: <class 'QuotationsPageSource.QuotationsPageSource'>: {'name': 'TheQuotationsPage.com', 'description': 'Fetches quotes from TheQuotationsPage.com', 'author': 'Peter Levi', 'version': '0.1'}'
INFO: 2021-03-26 09:48:00,885: _walk_modules() 'Jumble loading module in LocalFilesSource from /usr/lib/python3.9/site-packages/variety/plugins/builtin/quotes/LocalFilesSource.py'
INFO: 2021-03-26 09:48:00,885: load() 'Jumble found plugin class: <class 'LocalFilesSource.LocalFilesSource'>: {'name': 'Local text files', 'description': 'Displays quotes, defined in local text files.\nPut your own txt files in: ~/.config/variety/pluginconfig/quotes/.\nThe file format is:\n\nquote -- author\n.\nsecond quote -- another author\n.\netc...\n\nExample: http://rvelthuis.de/zips/quotes.txt', 'author': 'Peter Levi', 'version': '0.1'}'
INFO: 2021-03-26 09:48:00,886: _walk_modules() 'Jumble loading module in GoodreadsSource from /usr/lib/python3.9/site-packages/variety/plugins/builtin/quotes/GoodreadsSource.py'
INFO: 2021-03-26 09:48:00,886: load() 'Jumble found plugin class: <class 'GoodreadsSource.GoodreadsSource'>: {'name': 'Goodreads', 'description': 'Fetches quotes from Goodreads.com', 'author': 'Peter Levi', 'version': '0.1'}'
INFO: 2021-03-26 09:48:00,886: _walk_modules() 'Jumble loading module in __init__ from /usr/lib/python3.9/site-packages/variety/plugins/builtin/quotes/__init__.py'
INFO: 2021-03-26 09:48:00,887: _walk_modules() 'Jumble loading module in UnsplashDownloader from /usr/lib/python3.9/site-packages/variety/plugins/builtin/downloaders/UnsplashDownloader.py'
INFO: 2021-03-26 09:48:00,887: load() 'Jumble found plugin class: <class 'UnsplashDownloader.UnsplashDownloader'>: {'name': 'UnsplashDownloader', 'description': 'High-resolution photos from Unsplash.com', 'author': 'Peter Levi', 'version': '0.1'}'
INFO: 2021-03-26 09:48:00,888: _walk_modules() 'Jumble loading module in MediaRSSDownloader from /usr/lib/python3.9/site-packages/variety/plugins/builtin/downloaders/MediaRSSDownloader.py'
INFO: 2021-03-26 09:48:00,889: _walk_modules() 'Jumble loading module in WallhavenDownloader from /usr/lib/python3.9/site-packages/variety/plugins/builtin/downloaders/WallhavenDownloader.py'
INFO: 2021-03-26 09:48:00,889: _walk_modules() 'Jumble loading module in EarthviewDownloader from /usr/lib/python3.9/site-packages/variety/plugins/builtin/downloaders/EarthviewDownloader.py'
INFO: 2021-03-26 09:48:00,890: load() 'Jumble found plugin class: <class 'EarthviewDownloader.EarthviewDownloader'>: {'name': 'EarthviewDownloader', 'description': 'Google Earth View Wallpapers', 'author': 'Peter Levi', 'version': '0.1'}'
INFO: 2021-03-26 09:48:00,890: _walk_modules() 'Jumble loading module in BingDownloader from /usr/lib/python3.9/site-packages/variety/plugins/builtin/downloaders/BingDownloader.py'
INFO: 2021-03-26 09:48:00,890: load() 'Jumble found plugin class: <class 'BingDownloader.BingDownloader'>: {'name': 'BingDownloader', 'description': 'Bing Photo of the Day', 'author': 'Peter Levi', 'version': '0.1'}'
INFO: 2021-03-26 09:48:00,891: _walk_modules() 'Jumble loading module in MediaRSSSource from /usr/lib/python3.9/site-packages/variety/plugins/builtin/downloaders/MediaRSSSource.py'
INFO: 2021-03-26 09:48:00,892: load() 'Jumble found plugin class: <class 'MediaRSSSource.MediaRSSSource'>: {'name': 'MediaRSSSource', 'description': 'Configurable source for fetching images from MediaRSS feeds', 'author': 'Peter Levi', 'version': '0.1'}'
INFO: 2021-03-26 09:48:00,893: _walk_modules() 'Jumble loading module in UnsplashConfigurableSource from /usr/lib/python3.9/site-packages/variety/plugins/builtin/downloaders/UnsplashConfigurableSource.py'
INFO: 2021-03-26 09:48:00,894: load() 'Jumble found plugin class: <class 'UnsplashConfigurableSource.UnsplashConfigurableSource'>: {'name': 'UnsplashConfigurableSource', 'description': 'Configurable source for fetching photos from Unsplash.com', 'author': 'Peter Levi', 'version': '0.1'}'
INFO: 2021-03-26 09:48:00,894: _walk_modules() 'Jumble loading module in WallhavenSource from /usr/lib/python3.9/site-packages/variety/plugins/builtin/downloaders/WallhavenSource.py'
INFO: 2021-03-26 09:48:00,894: load() 'Jumble found plugin class: <class 'WallhavenSource.WallhavenSource'>: {'name': 'WallhavenSource', 'description': 'Configurable source for fetching images from Wallhaven.cc', 'author': 'Peter Levi', 'version': '0.1'}'
INFO: 2021-03-26 09:48:00,895: _walk_modules() 'Jumble loading module in RedditSource from /usr/lib/python3.9/site-packages/variety/plugins/builtin/downloaders/RedditSource.py'
INFO: 2021-03-26 09:48:00,895: load() 'Jumble found plugin class: <class 'RedditSource.RedditSource'>: {'name': 'RedditSource', 'description': 'Configurable source for fetching images from Reddit', 'author': 'Peter Levi', 'version': '0.1'}'
INFO: 2021-03-26 09:48:00,895: _walk_modules() 'Jumble loading module in RedditDownloader from /usr/lib/python3.9/site-packages/variety/plugins/builtin/downloaders/RedditDownloader.py'
INFO: 2021-03-26 09:48:00,896: _walk_modules() 'Jumble loading module in __init__ from /usr/lib/python3.9/site-packages/variety/plugins/builtin/downloaders/__init__.py'
INFO: 2021-03-26 09:48:00,896: _walk_modules() 'Jumble loading module in APODDownloader from /usr/lib/python3.9/site-packages/variety/plugins/builtin/downloaders/APODDownloader.py'
INFO: 2021-03-26 09:48:00,896: load() 'Jumble found plugin class: <class 'APODDownloader.APODDownloader'>: {'name': 'APODDownloader', 'description': 'NASA Astro Pic of the Day', 'author': 'Peter Levi', 'version': '0.1'}'
INFO: 2021-03-26 09:48:00,911: reload_config() 'Creating new downloader for type bing, location Bing Photo of the Day'
INFO: 2021-03-26 09:48:00,912: log_options() 'Loaded options:'
INFO: 2021-03-26 09:48:00,912: log_options() 'change_enabled = False'
INFO: 2021-03-26 09:48:00,912: log_options() 'change_interval = 300'
INFO: 2021-03-26 09:48:00,912: log_options() 'change_on_start = False'
INFO: 2021-03-26 09:48:00,912: log_options() 'clipboard_enabled = False'
INFO: 2021-03-26 09:48:00,912: log_options() 'clipboard_hosts = ['wallhaven.cc', 'wallpapers.net', 'flickr.com', 'imgur.com', 'deviantart.com', 'interfacelift.com', 'vladstudio.com', 'imageshack.us', 'deviantart.net', 'imageshack.com']'
INFO: 2021-03-26 09:48:00,912: log_options() 'clipboard_use_whitelist = True'
INFO: 2021-03-26 09:48:00,912: log_options() 'clock_date_font = Ubuntu Condensed, 30'
INFO: 2021-03-26 09:48:00,912: log_options() 'clock_enabled = False'
INFO: 2021-03-26 09:48:00,912: log_options() 'clock_filter = -density 100 -font `fc-match -f '%{file[0]}' '%CLOCK_FONT_NAME'` -pointsize %CLOCK_FONT_SIZE -gravity SouthEast -fill '#00000044' -annotate 0x0+[%HOFFSET+58]+[%VOFFSET+108] '%H:%M' -fill white -annotate 0x0+[%HOFFSET+60]+[%VOFFSET+110] '%H:%M' -font `fc-match -f '%{file[0]}' '%DATE_FONT_NAME'` -pointsize %DATE_FONT_SIZE -fill '#00000044' -annotate 0x0+[%HOFFSET+58]+[%VOFFSET+58] '%A, %B %d' -fill white -annotate 0x0+[%HOFFSET+60]+[%VOFFSET+60] '%A, %B %d''
INFO: 2021-03-26 09:48:00,912: log_options() 'clock_font = Ubuntu Condensed, 70'
INFO: 2021-03-26 09:48:00,912: log_options() 'configfile = /home/wayne/.config/variety/variety.conf'
INFO: 2021-03-26 09:48:00,912: log_options() 'copyto_enabled = False'
INFO: 2021-03-26 09:48:00,912: log_options() 'copyto_folder = Default'
INFO: 2021-03-26 09:48:00,912: log_options() 'desired_color = [160, 160, 160]'
INFO: 2021-03-26 09:48:00,912: log_options() 'desired_color_enabled = False'
INFO: 2021-03-26 09:48:00,912: log_options() 'download_folder = /home/wayne/.config/variety/Downloaded'
INFO: 2021-03-26 09:48:00,912: log_options() 'download_preference_ratio = 0.9'
INFO: 2021-03-26 09:48:00,912: log_options() 'favorites_folder = /home/wayne/.config/variety/Favorites'
INFO: 2021-03-26 09:48:00,912: log_options() 'favorites_operations = [['Downloaded', 'Copy'], ['Fetched', 'Move'], ['Others', 'Copy']]'
INFO: 2021-03-26 09:48:00,912: log_options() 'fetched_folder = /home/wayne/.config/variety/Fetched'
INFO: 2021-03-26 09:48:00,912: log_options() 'filters = [[False, 'Keep original', ''], [False, 'Grayscale', '-type Grayscale'], [False, 'Heavy blur', '-blur 120x40'], [False, 'Soft blur', '-blur 20x7'], [False, 'Oil painting', '-paint 8'], [False, 'Pointilism', '-spread 10 -noise 3'], [False, 'Pixellate', '-scale 3% -scale 3333%']]'
INFO: 2021-03-26 09:48:00,912: log_options() 'icon = Light'
INFO: 2021-03-26 09:48:00,913: log_options() 'lightness_enabled = False'
INFO: 2021-03-26 09:48:00,913: log_options() 'lightness_mode = 0'
INFO: 2021-03-26 09:48:00,913: log_options() 'min_rating = 4'
INFO: 2021-03-26 09:48:00,913: log_options() 'min_rating_enabled = False'
INFO: 2021-03-26 09:48:00,913: log_options() 'min_size = 80'
INFO: 2021-03-26 09:48:00,913: log_options() 'min_size_enabled = True'
INFO: 2021-03-26 09:48:00,913: log_options() 'quota_enabled = True'
INFO: 2021-03-26 09:48:00,913: log_options() 'quota_size = 1000'
INFO: 2021-03-26 09:48:00,913: log_options() 'quotes_authors = '
INFO: 2021-03-26 09:48:00,913: log_options() 'quotes_bg_color = [80, 80, 80]'
INFO: 2021-03-26 09:48:00,913: log_options() 'quotes_bg_opacity = 55'
INFO: 2021-03-26 09:48:00,913: log_options() 'quotes_change_enabled = False'
INFO: 2021-03-26 09:48:00,913: log_options() 'quotes_change_interval = 300'
INFO: 2021-03-26 09:48:00,913: log_options() 'quotes_disabled_sources = ['Urban Dictionary']'
INFO: 2021-03-26 09:48:00,913: log_options() 'quotes_enabled = False'
INFO: 2021-03-26 09:48:00,913: log_options() 'quotes_favorites_file = /home/wayne/.config/variety/favorite_quotes.txt'
INFO: 2021-03-26 09:48:00,913: log_options() 'quotes_font = Bitstream Charter 30'
INFO: 2021-03-26 09:48:00,913: log_options() 'quotes_hpos = 100'
INFO: 2021-03-26 09:48:00,913: log_options() 'quotes_max_length = 250'
INFO: 2021-03-26 09:48:00,913: log_options() 'quotes_tags = '
INFO: 2021-03-26 09:48:00,913: log_options() 'quotes_text_color = [255, 255, 255]'
INFO: 2021-03-26 09:48:00,913: log_options() 'quotes_text_shadow = False'
INFO: 2021-03-26 09:48:00,913: log_options() 'quotes_vpos = 40'
INFO: 2021-03-26 09:48:00,913: log_options() 'quotes_width = 70'
INFO: 2021-03-26 09:48:00,913: log_options() 'safe_mode = False'
INFO: 2021-03-26 09:48:00,913: log_options() 'slideshow_custom_enabled = False'
INFO: 2021-03-26 09:48:00,913: log_options() 'slideshow_custom_folder = /home/wayne/Pictures'
INFO: 2021-03-26 09:48:00,913: log_options() 'slideshow_downloads_enabled = False'
INFO: 2021-03-26 09:48:00,913: log_options() 'slideshow_fade = 0.4'
INFO: 2021-03-26 09:48:00,913: log_options() 'slideshow_favorites_enabled = True'
INFO: 2021-03-26 09:48:00,913: log_options() 'slideshow_mode = Fullscreen'
INFO: 2021-03-26 09:48:00,913: log_options() 'slideshow_monitor = All'
INFO: 2021-03-26 09:48:00,913: log_options() 'slideshow_pan = 0.05'
INFO: 2021-03-26 09:48:00,913: log_options() 'slideshow_seconds = 6.0'
INFO: 2021-03-26 09:48:00,913: log_options() 'slideshow_sort_order = Random'
INFO: 2021-03-26 09:48:00,913: log_options() 'slideshow_sources_enabled = True'
INFO: 2021-03-26 09:48:00,913: log_options() 'slideshow_zoom = 0.2'
INFO: 2021-03-26 09:48:00,913: log_options() 'smart_enabled = False'
INFO: 2021-03-26 09:48:00,913: log_options() 'smart_notice_shown = False'
INFO: 2021-03-26 09:48:00,913: log_options() 'smart_register_shown = False'
INFO: 2021-03-26 09:48:00,913: log_options() 'sources = [[True, 'favorites', 'The Favorites folder'], [False, 'fetched', 'The Fetched folder'], [True, 'folder', '/usr/share/backgrounds'], [False, 'flickr', 'user:www.flickr.com/photos/peter-levi/;user_id:93647178@N00;'], [False, 'apod', "NASA's Astronomy Picture of the Day"], [True, 'bing', 'Bing Photo of the Day'], [False, 'earthview', 'Google Earth View Wallpapers'], [False, 'unsplash', 'High-resolution photos from Unsplash.com']]'
INFO: 2021-03-26 09:48:00,913: log_options() 'stats_enabled = True'
INFO: 2021-03-26 09:48:00,913: log_options() 'stats_notice_shown = False'
INFO: 2021-03-26 09:48:00,913: log_options() 'sync_enabled = True'
INFO: 2021-03-26 09:48:00,913: log_options() 'use_landscape_enabled = True'
INFO: 2021-03-26 09:48:00,913: reload_config() 'No need to clear prepared queue'
INFO: 2021-03-26 09:48:00,913: update_indicator() 'Setting file info to: /usr/share/backgrounds/arcolinux/sea-3992x2242.jpg'
INFO: 2021-03-26 09:48:00,917: load_last_change_time() 'Change interval < 6 hours, ignore persisted last_change_time, wait initially the whole interval: 300'
INFO: 2021-03-26 09:48:00,917: update_indicator() 'Setting file info to: /usr/share/backgrounds/arcolinux/sea-3992x2242.jpg'
INFO: 2021-03-26 09:48:00,917: regular_change_thread() 'regular_change thread running'
INFO: 2021-03-26 09:48:00,918: regular_change_thread() 'regular_change: waiting till user resumes'
INFO: 2021-03-26 09:48:00,918: prepare_thread() 'Prepare thread running'
INFO: 2021-03-26 09:48:00,918: get_throttling() 'Bing: parsing serverside options'
INFO: 2021-03-26 09:48:00,918: prepare_thread() 'Prepared buffer contains 0 images'
INFO: 2021-03-26 09:48:00,918: get_throttling() 'Could not parse Bing serverside options, using defaults None, None'
INFO: 2021-03-26 09:48:00,918: prepare_thread() 'Preparing some images'
INFO: 2021-03-26 09:48:00,918: get_throttling() 'Bing: parsing serverside options'
INFO: 2021-03-26 09:48:00,919: get_throttling() 'Could not parse Bing serverside options, using defaults None, None'
INFO: 2021-03-26 09:48:00,919: download_one() 'Bing: Downloading an image, config: None'
INFO: 2021-03-26 09:48:00,919: download_one() 'Bing: Queue size: 0'
INFO: 2021-03-26 09:48:00,919: get_throttling() 'Bing: parsing serverside options'
INFO: 2021-03-26 09:48:00,919: get_throttling() 'Could not parse Bing serverside options, using defaults None, None'
INFO: 2021-03-26 09:48:00,919: download_one() 'Bing: Filling queue'
INFO: 2021-03-26 09:48:00,919: update_indicator_icon() 'Creating indicator'
WARNING: 2021-03-26 09:48:00,924: create_menu() 'Variety Slideshow is not installed. This is an optional extension adding pan-and-zoom slideshows to Variety: see https://github.com/peterlevi/variety-slideshow for details'
INFO: 2021-03-26 09:48:00,926: create_indicator() 'indicator backend: AppIndicator3'
INFO: 2021-03-26 09:48:00,938: set_from_theme_icon() 'Showing indicator icon variety-indicator from GTK theme'
ERROR: 2021-03-26 09:48:00,964: image_ok() 'Error in image_ok for file /usr/share/backgrounds/xfce/Aquarius.svg'
Traceback (most recent call last):
  File "/usr/lib/python3.9/site-packages/variety/VarietyWindow.py", line 1761, in image_ok
    i = PILImage.open(img)
  File "/usr/lib/python3.9/site-packages/PIL/Image.py", line 2958, in open
    raise UnidentifiedImageError(
PIL.UnidentifiedImageError: cannot identify image file '/usr/share/backgrounds/xfce/Aquarius.svg'
INFO: 2021-03-26 09:48:00,980: prepare_thread() 'After search prepared buffer contains 21 images'
INFO: 2021-03-26 09:48:01,017: do_set_wp() 'Calling do_set_wp with /usr/share/backgrounds/arcolinux/sea-3992x2242.jpg, time: 1616766481.0179546'
INFO: 2021-03-26 09:48:01,027: update_indicator() 'Setting file info to: /usr/share/backgrounds/arcolinux/sea-3992x2242.jpg'
INFO: 2021-03-26 09:48:01,027: list_files() 'More than 1 files in the folders, stop listing'
INFO: 2021-03-26 09:48:01,141: download_one() 'Bing: Queue populated with 7 URLs'
INFO: 2021-03-26 09:48:01,141: save_locally() 'Origin URL: https://www.bing.com/search?q=The+City+of+Adelaide+shipwreck+magnetic+island&form=hpcapt&filters=HpDate%3a%2220210319_0700%22'
INFO: 2021-03-26 09:48:01,141: save_locally() 'Image URL: https://www.bing.com/th?id=OHR.MagneticIsland_EN-US9412695841_1920x1080.jpg&rf=LaDigue_1920x1080.jpg&pid=hp'
INFO: 2021-03-26 09:48:01,141: save_locally() 'Local path: /home/wayne/.config/variety/Downloaded/Bing/OHR.MagneticIsland_EN-US9412695841_1920x1080.jpg'
INFO: 2021-03-26 09:48:01,141: save_locally() 'File already exists, skip downloading'
INFO: 2021-03-26 09:48:02,241: reload() 'Reloading preferences dialog'
INFO: 2021-03-26 09:48:02,980: trigger_download() 'Triggering download thread to check if download needed'
INFO: 2021-03-26 09:48:20,937: server_options_thread() 'Fetching server options from http://tiny.cc/variety-options-063'
INFO: 2021-03-26 09:48:21,407: server_options_thread() 'Fetched server options: {'flickr': {'min_fill_queue_interval': 1200, 'min_download_interval': 1200}, 'wallbase': {'min_fill_queue_interval': 1800, 'min_download_interval': 1800}, 'wallhaven': {'min_fill_queue_interval': 1800, 'min_download_interval': 1800}, 'wallpapers.net': {'min_fill_queue_interval': 601, 'min_download_interval': 0}, 'unsplash': {'min_fill_queue_interval': 20000000000, 'min_download_interval': 20000000000}, 'unsplash_v2': {'min_fill_queue_interval': 2000, 'min_download_interval': 1200}, 'status_message': {'0.0.1': '', '*': ''}}'
INFO: 2021-03-26 09:51:02,981: get_throttling() 'Bing: parsing serverside options'
INFO: 2021-03-26 09:51:02,981: get_throttling() 'Could not parse Bing serverside options, using defaults None, None'
INFO: 2021-03-26 09:51:02,981: get_throttling() 'Bing: parsing serverside options'
INFO: 2021-03-26 09:51:02,981: get_throttling() 'Could not parse Bing serverside options, using defaults None, None'
INFO: 2021-03-26 09:51:02,981: download_one() 'Bing: Downloading an image, config: None'
INFO: 2021-03-26 09:51:02,981: download_one() 'Bing: Queue size: 6'
INFO: 2021-03-26 09:51:02,981: download_one() 'Bing: Queue populated with 6 URLs'
INFO: 2021-03-26 09:51:02,982: save_locally() 'Origin URL: https://www.bing.com/search?q=las+medulas&form=hpcapt&filters=HpDate%3a%2220210325_0700%22'
INFO: 2021-03-26 09:51:02,982: save_locally() 'Image URL: https://www.bing.com/th?id=OHR.GoldMine_EN-US9932494168_1920x1080.jpg&rf=LaDigue_1920x1080.jpg&pid=hp'
INFO: 2021-03-26 09:51:02,982: save_locally() 'Local path: /home/wayne/.config/variety/Downloaded/Bing/OHR.GoldMine_EN-US9932494168_1920x1080.jpg'
INFO: 2021-03-26 09:51:04,328: save_locally() 'Download complete'
INFO: 2021-03-26 09:51:04,328: update_indicator() 'Setting file info to: /usr/share/backgrounds/arcolinux/sea-3992x2242.jpg'
INFO: 2021-03-26 09:51:04,328: list_files() 'More than 1 files in the folders, stop listing'
INFO: 2021-03-26 09:51:04,329: prepare_thread() 'Prepared buffer contains 21 images'
INFO: 2021-03-26 09:51:05,330: get_throttling() 'Bing: parsing serverside options'
INFO: 2021-03-26 09:51:05,331: get_throttling() 'Could not parse Bing serverside options, using defaults None, None'
INFO: 2021-03-26 09:51:05,331: get_throttling() 'Bing: parsing serverside options'
INFO: 2021-03-26 09:51:05,331: get_throttling() 'Could not parse Bing serverside options, using defaults None, None'
INFO: 2021-03-26 09:51:05,331: download_one() 'Bing: Downloading an image, config: None'
INFO: 2021-03-26 09:51:05,331: download_one() 'Bing: Queue size: 5'
INFO: 2021-03-26 09:51:05,331: download_one() 'Bing: Queue populated with 5 URLs'
INFO: 2021-03-26 09:51:05,331: save_locally() 'Origin URL: https://www.bing.com/search?q=hallerbos+forest&FORM=hpcapt&filters=HpDate%3a%2220210321_0700%22'
INFO: 2021-03-26 09:51:05,331: save_locally() 'Image URL: https://www.bing.com/th?id=OHR.HallesWood_EN-US9545891830_1920x1080.jpg&rf=LaDigue_1920x1080.jpg&pid=hp'
INFO: 2021-03-26 09:51:05,331: save_locally() 'Local path: /home/wayne/.config/variety/Downloaded/Bing/OHR.HallesWood_EN-US9545891830_1920x1080.jpg'
INFO: 2021-03-26 09:51:05,331: save_locally() 'File already exists, skip downloading'
INFO: 2021-03-26 09:51:06,330: trigger_download() 'Triggering download thread to check if download needed'
INFO: 2021-03-26 09:54:06,333: get_throttling() 'Bing: parsing serverside options'
INFO: 2021-03-26 09:54:06,333: get_throttling() 'Could not parse Bing serverside options, using defaults None, None'
INFO: 2021-03-26 09:54:06,333: get_throttling() 'Bing: parsing serverside options'
INFO: 2021-03-26 09:54:06,333: get_throttling() 'Could not parse Bing serverside options, using defaults None, None'
INFO: 2021-03-26 09:54:06,333: download_one() 'Bing: Downloading an image, config: None'
INFO: 2021-03-26 09:54:06,333: download_one() 'Bing: Queue size: 4'
INFO: 2021-03-26 09:54:06,333: download_one() 'Bing: Queue populated with 4 URLs'
INFO: 2021-03-26 09:54:06,333: save_locally() 'Origin URL: https://www.bing.com/search?q=cradle+mountain-lake+st+clair+national+park&form=hpcapt&filters=HpDate%3a%2220210326_0700%22'
INFO: 2021-03-26 09:54:06,333: save_locally() 'Image URL: https://www.bing.com/th?id=OHR.MTCradle_EN-US6777988781_1920x1080.jpg&rf=LaDigue_1920x1080.jpg&pid=hp'
INFO: 2021-03-26 09:54:06,333: save_locally() 'Local path: /home/wayne/.config/variety/Downloaded/Bing/OHR.MTCradle_EN-US6777988781_1920x1080.jpg'
INFO: 2021-03-26 09:54:15,019: save_locally() 'Download complete'
INFO: 2021-03-26 09:54:15,020: update_indicator() 'Setting file info to: /usr/share/backgrounds/arcolinux/sea-3992x2242.jpg'
INFO: 2021-03-26 09:54:15,020: list_files() 'More than 1 files in the folders, stop listing'
INFO: 2021-03-26 09:54:15,021: prepare_thread() 'Prepared buffer contains 21 images'
INFO: 2021-03-26 09:54:16,022: get_throttling() 'Bing: parsing serverside options'
INFO: 2021-03-26 09:54:16,022: get_throttling() 'Could not parse Bing serverside options, using defaults None, None'
INFO: 2021-03-26 09:54:16,022: get_throttling() 'Bing: parsing serverside options'
INFO: 2021-03-26 09:54:16,022: get_throttling() 'Could not parse Bing serverside options, using defaults None, None'
INFO: 2021-03-26 09:54:16,022: download_one() 'Bing: Downloading an image, config: None'
INFO: 2021-03-26 09:54:16,022: download_one() 'Bing: Queue size: 3'
INFO: 2021-03-26 09:54:16,022: download_one() 'Bing: Queue populated with 3 URLs'
INFO: 2021-03-26 09:54:16,022: save_locally() 'Origin URL: https://www.bing.com/search?q=humpback+whale&form=hpcapt&filters=HpDate%3a%2220210324_0700%22'
INFO: 2021-03-26 09:54:16,023: save_locally() 'Image URL: https://www.bing.com/th?id=OHR.HumpbackMom_EN-US9862782184_1920x1080.jpg&rf=LaDigue_1920x1080.jpg&pid=hp'
INFO: 2021-03-26 09:54:16,023: save_locally() 'Local path: /home/wayne/.config/variety/Downloaded/Bing/OHR.HumpbackMom_EN-US9862782184_1920x1080.jpg'
INFO: 2021-03-26 09:54:16,023: save_locally() 'File already exists, skip downloading'
INFO: 2021-03-26 09:54:17,022: trigger_download() 'Triggering download thread to check if download needed'
INFO: 2021-03-26 09:57:17,024: get_throttling() 'Bing: parsing serverside options'
INFO: 2021-03-26 09:57:17,025: get_throttling() 'Could not parse Bing serverside options, using defaults None, None'
INFO: 2021-03-26 09:57:17,025: get_throttling() 'Bing: parsing serverside options'
INFO: 2021-03-26 09:57:17,025: get_throttling() 'Could not parse Bing serverside options, using defaults None, None'
INFO: 2021-03-26 09:57:17,025: download_one() 'Bing: Downloading an image, config: None'
INFO: 2021-03-26 09:57:17,025: download_one() 'Bing: Queue size: 2'
INFO: 2021-03-26 09:57:17,025: download_one() 'Bing: Queue populated with 2 URLs'
INFO: 2021-03-26 09:57:17,025: save_locally() 'Origin URL: https://www.bing.com/search?q=meteorology&form=hpcapt&filters=HpDate%3a%2220210323_0700%22'
INFO: 2021-03-26 09:57:17,025: save_locally() 'Image URL: https://www.bing.com/th?id=OHR.LoftedMadagascar_EN-US9720623596_1920x1080.jpg&rf=LaDigue_1920x1080.jpg&pid=hp'
INFO: 2021-03-26 09:57:17,025: save_locally() 'Local path: /home/wayne/.config/variety/Downloaded/Bing/OHR.LoftedMadagascar_EN-US9720623596_1920x1080.jpg'
INFO: 2021-03-26 09:57:17,025: save_locally() 'File already exists, skip downloading'
INFO: 2021-03-26 10:00:18,026: get_throttling() 'Bing: parsing serverside options'
INFO: 2021-03-26 10:00:18,026: get_throttling() 'Could not parse Bing serverside options, using defaults None, None'
INFO: 2021-03-26 10:00:18,026: get_throttling() 'Bing: parsing serverside options'
INFO: 2021-03-26 10:00:18,026: get_throttling() 'Could not parse Bing serverside options, using defaults None, None'
INFO: 2021-03-26 10:00:18,026: download_one() 'Bing: Downloading an image, config: None'
INFO: 2021-03-26 10:00:18,026: download_one() 'Bing: Queue size: 1'
INFO: 2021-03-26 10:00:18,027: download_one() 'Bing: Queue populated with 1 URLs'
INFO: 2021-03-26 10:00:18,027: save_locally() 'Origin URL: https://www.bing.com/search?q=curonian+spit+dunes&form=hpcapt&filters=HpDate%3a%2220210320_0700%22'
INFO: 2021-03-26 10:00:18,027: save_locally() 'Image URL: https://www.bing.com/th?id=OHR.ParnidisSundial_EN-US9491593439_1920x1080.jpg&rf=LaDigue_1920x1080.jpg&pid=hp'
INFO: 2021-03-26 10:00:18,027: save_locally() 'Local path: /home/wayne/.config/variety/Downloaded/Bing/OHR.ParnidisSundial_EN-US9491593439_1920x1080.jpg'
INFO: 2021-03-26 10:00:18,027: save_locally() 'File already exists, skip downloading'
INFO: 2021-03-26 10:03:19,028: get_throttling() 'Bing: parsing serverside options'
INFO: 2021-03-26 10:03:19,028: get_throttling() 'Could not parse Bing serverside options, using defaults None, None'
INFO: 2021-03-26 10:03:19,029: get_throttling() 'Bing: parsing serverside options'
INFO: 2021-03-26 10:03:19,029: get_throttling() 'Could not parse Bing serverside options, using defaults None, None'
INFO: 2021-03-26 10:03:19,029: download_one() 'Bing: Downloading an image, config: None'
INFO: 2021-03-26 10:03:19,029: download_one() 'Bing: Queue size: 0'
INFO: 2021-03-26 10:03:19,029: get_throttling() 'Bing: parsing serverside options'
INFO: 2021-03-26 10:03:19,029: get_throttling() 'Could not parse Bing serverside options, using defaults None, None'
INFO: 2021-03-26 10:03:19,029: download_one() 'Bing: Filling queue'
INFO: 2021-03-26 10:03:20,246: download_one() 'Bing: Queue populated with 7 URLs'
INFO: 2021-03-26 10:03:20,246: save_locally() 'Origin URL: https://www.bing.com/search?q=The+City+of+Adelaide+shipwreck+magnetic+island&form=hpcapt&filters=HpDate%3a%2220210319_0700%22'
INFO: 2021-03-26 10:03:20,246: save_locally() 'Image URL: https://www.bing.com/th?id=OHR.MagneticIsland_EN-US9412695841_1920x1080.jpg&rf=LaDigue_1920x1080.jpg&pid=hp'
INFO: 2021-03-26 10:03:20,246: save_locally() 'Local path: /home/wayne/.config/variety/Downloaded/Bing/OHR.MagneticIsland_EN-US9412695841_1920x1080.jpg'
INFO: 2021-03-26 10:03:20,246: save_locally() 'File already exists, skip downloading'
